<?xml version="1.0" encoding="UTF-8"?>
<Site BuildName="(empty)"
	BuildStamp="20251206-1058-Experimental"
	Name="(empty)"
	Generator="ctest-4.1.2"
	CompilerName=""
	CompilerVersion=""
	OSName="Windows"
	Hostname="DESKTOP-KJN5J7U"
	OSRelease=" Personal"
	OSVersion=" (Build 26200)"
	OSPlatform="AMD64"
	Is64Bits="1"
	VendorString="GenuineIntel"
	VendorID="Intel Corporation"
	FamilyID="6"
	ModelID="10"
	ModelName=""
	ProcessorCacheSize="-1"
	NumberOfLogicalCPU="12"
	NumberOfPhysicalCPU="10"
	TotalVirtualMemory="34459"
	TotalPhysicalMemory="32411"
	LogicalProcessorsPerPhysical="1"
	ProcessorClockFrequency="1700"
	>
	<Testing>
		<StartDateTime>Dec 06 13:08 Գ[NON-UTF-8-BYTE-0xED][NON-UTF-8-BYTE-0xEB][NON-UTF-8-BYTE-0xFF][NON-UTF-8-BYTE-0xED][NON-UTF-8-BYTE-0xE4][NON-UTF-8-BYTE-0xB3][NON-UTF-8-BYTE-0xFF] ([NON-UTF-8-BYTE-0xE7][NON-UTF-8-BYTE-0xE8][NON-UTF-8-BYTE-0xEC][NON-UTF-8-BYTE-0xE0])</StartDateTime>
		<StartTestTime>1765019290</StartTestTime>
		<TestList/>
		<EndDateTime>Dec 06 13:08 Գ[NON-UTF-8-BYTE-0xED][NON-UTF-8-BYTE-0xEB][NON-UTF-8-BYTE-0xFF][NON-UTF-8-BYTE-0xED][NON-UTF-8-BYTE-0xE4][NON-UTF-8-BYTE-0xB3][NON-UTF-8-BYTE-0xFF] ([NON-UTF-8-BYTE-0xE7][NON-UTF-8-BYTE-0xE8][NON-UTF-8-BYTE-0xEC][NON-UTF-8-BYTE-0xE0])</EndDateTime>
		<EndTestTime>1765019290</EndTestTime>
		<ElapsedMinutes>0</ElapsedMinutes>
	</Testing>
</Site>
